[0m2021.10.21 18:56:18 INFO  Started: Metals version 0.10.7 in workspace '/home/ruorong/hardware/CachePrefetching' for client Visual Studio Code 1.61.2.[0m
[0m2021.10.21 18:56:20 INFO  time: initialize in 2.01s[0m
[0m2021.10.21 18:56:20 WARN  Build server is not auto-connectable.[0m
[0m2021.10.21 18:56:20 WARN  no build tool detected in workspace '/home/ruorong/hardware/CachePrefetching'. The most common cause for this problem is that the editor was opened in the wrong working directory, for example if you use sbt then the workspace directory should contain build.sbt. [0m
[0m2021.10.21 18:56:20 WARN  no build target for: /home/ruorong/hardware/CachePrefetching/chisel/src/main/scala/gcd/DecoupledGCD.scala[0m
[0m2021.10.21 18:56:24 WARN  no build target for: /home/ruorong/hardware/CachePrefetching/chisel/src/main/scala/gcd/GCD.scala[0m
[0m2021.10.21 18:56:25 INFO  no build target: using presentation compiler with only scala-library: 2.12.15[0m
[0m2021.10.21 18:56:27 INFO  time: code lens generation in 4.87s[0m
[0m2021.10.21 18:56:27 INFO  time: code lens generation in 2.33s[0m
[0m2021.10.21 18:56:27 INFO  time: code lens generation in 3.96s[0m
Oct 21, 2021 6:56:27 PM org.eclipse.lsp4j.jsonrpc.RemoteEndpoint handleCancellation
WARNING: Unmatched cancel notification for request id 12
Oct 21, 2021 6:56:27 PM org.eclipse.lsp4j.jsonrpc.RemoteEndpoint handleCancellation
WARNING: Unmatched cancel notification for request id 11
[0m2021.10.21 18:56:31 WARN  no build target for: /home/ruorong/hardware/CachePrefetching/chisel/src/main/scala/gcd/GCD.scala[0m
[0m2021.10.21 18:56:31 WARN  no build target for: /home/ruorong/hardware/CachePrefetching/chisel/src/main/scala/gcd/DecoupledGCD.scala[0m
[0m2021.10.21 19:01:36 ERROR text document: file:///home/ruorong/hardware/CachePrefetching/chisel/src/main/scala/gcd/DecoupledGCD.scala
java.nio.file.NoSuchFileException: /home/ruorong/hardware/CachePrefetching/chisel/src/main/scala/gcd/DecoupledGCD.scala
	at sun.nio.fs.UnixException.translateToIOException(UnixException.java:92)
	at sun.nio.fs.UnixException.rethrowAsIOException(UnixException.java:111)
	at sun.nio.fs.UnixException.rethrowAsIOException(UnixException.java:116)
	at sun.nio.fs.UnixFileSystemProvider.newByteChannel(UnixFileSystemProvider.java:219)
	at java.nio.file.Files.newByteChannel(Files.java:371)
	at java.nio.file.Files.newByteChannel(Files.java:422)
	at java.nio.file.Files.readAllBytes(Files.java:3206)
	at scala.meta.internal.io.PlatformFileIO$.slurp(PlatformFileIO.scala:45)
	at scala.meta.internal.io.FileIO$.slurp(FileIO.scala:24)
	at scala.meta.internal.metals.InteractiveSemanticdbs.$anonfun$textDocument$2(InteractiveSemanticdbs.scala:85)
	at scala.Option.getOrElse(Option.scala:189)
	at scala.meta.internal.metals.InteractiveSemanticdbs.$anonfun$textDocument$1(InteractiveSemanticdbs.scala:85)
	at java.util.HashMap.compute(HashMap.java:1228)
	at java.util.Collections$SynchronizedMap.compute(Collections.java:2692)
	at scala.meta.internal.metals.InteractiveSemanticdbs.textDocument(InteractiveSemanticdbs.scala:84)
	at scala.meta.internal.metals.InteractiveSemanticdbs.textDocument(InteractiveSemanticdbs.scala:58)
	at scala.meta.internal.metals.AggregateSemanticdbs.loop$1(AggregateSemanticdbs.scala:30)
	at scala.meta.internal.metals.AggregateSemanticdbs.textDocument(AggregateSemanticdbs.scala:36)
	at scala.meta.internal.metals.CodeLensProvider.findLenses(CodeLensProvider.scala:22)
	at scala.meta.internal.metals.MetalsLanguageServer.$anonfun$codeLens$2(MetalsLanguageServer.scala:1531)
	at scala.meta.internal.metals.TimerProvider.timedThunk(TimerProvider.scala:25)
	at scala.meta.internal.metals.MetalsLanguageServer.$anonfun$codeLens$1(MetalsLanguageServer.scala:1529)
	at scala.meta.internal.metals.CancelTokens$.$anonfun$apply$2(CancelTokens.scala:26)
	at scala.concurrent.Future$.$anonfun$apply$1(Future.scala:659)
	at scala.util.Success.$anonfun$map$1(Try.scala:255)
	at scala.util.Success.map(Try.scala:213)
	at scala.concurrent.Future.$anonfun$map$1(Future.scala:292)
	at scala.concurrent.impl.Promise.liftedTree1$1(Promise.scala:33)
	at scala.concurrent.impl.Promise.$anonfun$transform$1(Promise.scala:33)
	at scala.concurrent.impl.CallbackRunnable.run(Promise.scala:64)
	at java.util.concurrent.ThreadPoolExecutor.runWorker(ThreadPoolExecutor.java:1128)
	at java.util.concurrent.ThreadPoolExecutor$Worker.run(ThreadPoolExecutor.java:628)
	at java.lang.Thread.run(Thread.java:829)
[0m
[0m2021.10.21 19:01:50 WARN  no build target for: /home/ruorong/hardware/CachePrefetching/chisel/src/main/scala/something.scala[0m
